{
  "stats": {
    "suites": 1,
    "tests": 8,
    "passes": 8,
    "pending": 0,
    "failures": 0,
    "start": "2021-11-26T17:37:39.049Z",
    "end": "2021-11-26T17:37:42.545Z",
    "duration": 3496,
    "testsRegistered": 8,
    "passPercent": 100,
    "pendingPercent": 0,
    "other": 0,
    "hasOther": false,
    "skipped": 0,
    "hasSkipped": false
  },
  "results": [
    {
      "uuid": "d5008225-ee72-443c-a535-d18a78e38f7d",
      "title": "",
      "fullFile": "cypress/integration/backend-api.spec.js",
      "file": "cypress/integration/backend-api.spec.js",
      "beforeHooks": [],
      "afterHooks": [],
      "tests": [],
      "suites": [
        {
          "uuid": "712838c9-6470-4ce7-af74-306a0d8f4af5",
          "title": "[API] - Test Suite",
          "fullFile": "",
          "file": "",
          "beforeHooks": [],
          "afterHooks": [],
          "tests": [
            {
              "title": "[GET] - List All Clients",
              "fullTitle": "[API] - Test Suite [GET] - List All Clients",
              "timedOut": null,
              "duration": 559,
              "state": "passed",
              "speed": "fast",
              "pass": true,
              "fail": false,
              "pending": false,
              "context": null,
              "code": "clientData.getAllClientRequest(cy);",
              "err": {},
              "uuid": "d8705573-cb76-495b-bf2b-fd322bfb19c4",
              "parentUUID": "712838c9-6470-4ce7-af74-306a0d8f4af5",
              "isHook": false,
              "skipped": false
            },
            {
              "title": "[POST] - Create Client",
              "fullTitle": "[API] - Test Suite [POST] - Create Client",
              "timedOut": null,
              "duration": 576,
              "state": "passed",
              "speed": "fast",
              "pass": true,
              "fail": false,
              "pending": false,
              "context": null,
              "code": "clientData.createClient(cy);",
              "err": {},
              "uuid": "1d093b9f-4cc5-45e7-a370-1bac86c6442a",
              "parentUUID": "712838c9-6470-4ce7-af74-306a0d8f4af5",
              "isHook": false,
              "skipped": false
            },
            {
              "title": "[DELETE] - Remove Client",
              "fullTitle": "[API] - Test Suite [DELETE] - Remove Client",
              "timedOut": null,
              "duration": 32,
              "state": "passed",
              "speed": "fast",
              "pass": true,
              "fail": false,
              "pending": false,
              "context": null,
              "code": "clientData.deleteClient(cy);",
              "err": {},
              "uuid": "901fe526-7481-4249-bd32-152bca85aa0e",
              "parentUUID": "712838c9-6470-4ce7-af74-306a0d8f4af5",
              "isHook": false,
              "skipped": false
            },
            {
              "title": "[PUT] - Edit Client",
              "fullTitle": "[API] - Test Suite [PUT] - Edit Client",
              "timedOut": null,
              "duration": 564,
              "state": "passed",
              "speed": "fast",
              "pass": true,
              "fail": false,
              "pending": false,
              "context": null,
              "code": "clientData.editClient(cy);",
              "err": {},
              "uuid": "33a61025-6659-4656-be16-8dbd9d6d5903",
              "parentUUID": "712838c9-6470-4ce7-af74-306a0d8f4af5",
              "isHook": false,
              "skipped": false
            },
            {
              "title": "[GET] - List All Rooms",
              "fullTitle": "[API] - Test Suite [GET] - List All Rooms",
              "timedOut": null,
              "duration": 541,
              "state": "passed",
              "speed": "fast",
              "pass": true,
              "fail": false,
              "pending": false,
              "context": null,
              "code": "roomData.getAllRoomRequest(cy);",
              "err": {},
              "uuid": "44bfaf56-9200-42e0-bd77-1381d3761983",
              "parentUUID": "712838c9-6470-4ce7-af74-306a0d8f4af5",
              "isHook": false,
              "skipped": false
            },
            {
              "title": "[POST] - Create Room",
              "fullTitle": "[API] - Test Suite [POST] - Create Room",
              "timedOut": null,
              "duration": 569,
              "state": "passed",
              "speed": "fast",
              "pass": true,
              "fail": false,
              "pending": false,
              "context": null,
              "code": "roomData.createRoom(cy);",
              "err": {},
              "uuid": "ca6a0357-a413-4305-96b5-2dc96af08111",
              "parentUUID": "712838c9-6470-4ce7-af74-306a0d8f4af5",
              "isHook": false,
              "skipped": false
            },
            {
              "title": "[DELETE] - Remove Room",
              "fullTitle": "[API] - Test Suite [DELETE] - Remove Room",
              "timedOut": null,
              "duration": 37,
              "state": "passed",
              "speed": "fast",
              "pass": true,
              "fail": false,
              "pending": false,
              "context": null,
              "code": "roomData.deleteRoom(cy);",
              "err": {},
              "uuid": "970ff671-64bb-4c03-90e8-6310de769412",
              "parentUUID": "712838c9-6470-4ce7-af74-306a0d8f4af5",
              "isHook": false,
              "skipped": false
            },
            {
              "title": "[PUT] - Edit Room",
              "fullTitle": "[API] - Test Suite [PUT] - Edit Room",
              "timedOut": null,
              "duration": 561,
              "state": "passed",
              "speed": "fast",
              "pass": true,
              "fail": false,
              "pending": false,
              "context": null,
              "code": "roomData.editRoom(cy);",
              "err": {},
              "uuid": "6f418ca4-9f1a-4124-a71a-79a0fa293fa3",
              "parentUUID": "712838c9-6470-4ce7-af74-306a0d8f4af5",
              "isHook": false,
              "skipped": false
            }
          ],
          "suites": [],
          "passes": [
            "d8705573-cb76-495b-bf2b-fd322bfb19c4",
            "1d093b9f-4cc5-45e7-a370-1bac86c6442a",
            "901fe526-7481-4249-bd32-152bca85aa0e",
            "33a61025-6659-4656-be16-8dbd9d6d5903",
            "44bfaf56-9200-42e0-bd77-1381d3761983",
            "ca6a0357-a413-4305-96b5-2dc96af08111",
            "970ff671-64bb-4c03-90e8-6310de769412",
            "6f418ca4-9f1a-4124-a71a-79a0fa293fa3"
          ],
          "failures": [],
          "pending": [],
          "skipped": [],
          "duration": 3439,
          "root": false,
          "rootEmpty": false,
          "_timeout": 2000
        }
      ],
      "passes": [],
      "failures": [],
      "pending": [],
      "skipped": [],
      "duration": 0,
      "root": true,
      "rootEmpty": true,
      "_timeout": 2000
    }
  ],
  "meta": {
    "mocha": {
      "version": "7.0.1"
    },
    "mochawesome": {
      "options": {
        "quiet": false,
        "reportFilename": "mochawesome",
        "saveHtml": true,
        "saveJson": true,
        "consoleReporter": "spec",
        "useInlineDiffs": false,
        "code": true
      },
      "version": "7.0.1"
    },
    "marge": {
      "options": null,
      "version": "6.0.1"
    }
  }
}