{
  "stats": {
    "suites": 1,
    "tests": 8,
    "passes": 8,
    "pending": 0,
    "failures": 0,
    "start": "2021-11-26T17:26:17.068Z",
    "end": "2021-11-26T17:26:20.460Z",
    "duration": 3392,
    "testsRegistered": 8,
    "passPercent": 100,
    "pendingPercent": 0,
    "other": 0,
    "hasOther": false,
    "skipped": 0,
    "hasSkipped": false
  },
  "results": [
    {
      "uuid": "3e8bd963-65a8-45fa-b059-f3d0f34a2c5c",
      "title": "",
      "fullFile": "cypress/integration/backend-api.spec.js",
      "file": "cypress/integration/backend-api.spec.js",
      "beforeHooks": [],
      "afterHooks": [],
      "tests": [],
      "suites": [
        {
          "uuid": "e1ead5f5-5411-4c64-bbad-3e61c826c251",
          "title": "[API] - Test Suite",
          "fullFile": "",
          "file": "",
          "beforeHooks": [],
          "afterHooks": [],
          "tests": [
            {
              "title": "[GET] - List All Clients",
              "fullTitle": "[API] - Test Suite [GET] - List All Clients",
              "timedOut": null,
              "duration": 564,
              "state": "passed",
              "speed": "fast",
              "pass": true,
              "fail": false,
              "pending": false,
              "context": null,
              "code": "clientData.getAllClientRequest(cy);",
              "err": {},
              "uuid": "4432a28c-af02-422c-9aff-417f092796f5",
              "parentUUID": "e1ead5f5-5411-4c64-bbad-3e61c826c251",
              "isHook": false,
              "skipped": false
            },
            {
              "title": "[POST] - Create Client",
              "fullTitle": "[API] - Test Suite [POST] - Create Client",
              "timedOut": null,
              "duration": 585,
              "state": "passed",
              "speed": "fast",
              "pass": true,
              "fail": false,
              "pending": false,
              "context": null,
              "code": "clientData.createClient(cy);",
              "err": {},
              "uuid": "e975170e-c718-443c-8068-100e808975ac",
              "parentUUID": "e1ead5f5-5411-4c64-bbad-3e61c826c251",
              "isHook": false,
              "skipped": false
            },
            {
              "title": "[PUT] - Edit Client",
              "fullTitle": "[API] - Test Suite [PUT] - Edit Client",
              "timedOut": null,
              "duration": 544,
              "state": "passed",
              "speed": "fast",
              "pass": true,
              "fail": false,
              "pending": false,
              "context": null,
              "code": "clientData.editClient(cy);",
              "err": {},
              "uuid": "f801bf19-b9ee-4376-b9e3-71308a379af8",
              "parentUUID": "e1ead5f5-5411-4c64-bbad-3e61c826c251",
              "isHook": false,
              "skipped": false
            },
            {
              "title": "[DELETE] - Remove Client",
              "fullTitle": "[API] - Test Suite [DELETE] - Remove Client",
              "timedOut": null,
              "duration": 23,
              "state": "passed",
              "speed": "fast",
              "pass": true,
              "fail": false,
              "pending": false,
              "context": null,
              "code": "clientData.deleteClient(cy);",
              "err": {},
              "uuid": "781c12a7-6c7d-404d-a52c-868aa901ac03",
              "parentUUID": "e1ead5f5-5411-4c64-bbad-3e61c826c251",
              "isHook": false,
              "skipped": false
            },
            {
              "title": "[GET] - List All Rooms",
              "fullTitle": "[API] - Test Suite [GET] - List All Rooms",
              "timedOut": null,
              "duration": 537,
              "state": "passed",
              "speed": "fast",
              "pass": true,
              "fail": false,
              "pending": false,
              "context": null,
              "code": "roomData.getAllRoomRequest(cy);",
              "err": {},
              "uuid": "9e5bb1f5-f6ac-40e3-b280-84750338d27d",
              "parentUUID": "e1ead5f5-5411-4c64-bbad-3e61c826c251",
              "isHook": false,
              "skipped": false
            },
            {
              "title": "[POST] - Create Room",
              "fullTitle": "[API] - Test Suite [POST] - Create Room",
              "timedOut": null,
              "duration": 540,
              "state": "passed",
              "speed": "fast",
              "pass": true,
              "fail": false,
              "pending": false,
              "context": null,
              "code": "roomData.createRoom(cy);",
              "err": {},
              "uuid": "a199b5af-1679-47a0-941a-8b5f936188eb",
              "parentUUID": "e1ead5f5-5411-4c64-bbad-3e61c826c251",
              "isHook": false,
              "skipped": false
            },
            {
              "title": "[DELETE] - Remove Room",
              "fullTitle": "[API] - Test Suite [DELETE] - Remove Room",
              "timedOut": null,
              "duration": 24,
              "state": "passed",
              "speed": "fast",
              "pass": true,
              "fail": false,
              "pending": false,
              "context": null,
              "code": "roomData.deleteRoom(cy);",
              "err": {},
              "uuid": "1f68e9c1-eec3-4674-9471-9313af13436c",
              "parentUUID": "e1ead5f5-5411-4c64-bbad-3e61c826c251",
              "isHook": false,
              "skipped": false
            },
            {
              "title": "[PUT] - Edit Room",
              "fullTitle": "[API] - Test Suite [PUT] - Edit Room",
              "timedOut": null,
              "duration": 533,
              "state": "passed",
              "speed": "fast",
              "pass": true,
              "fail": false,
              "pending": false,
              "context": null,
              "code": "roomData.editRoom(cy);",
              "err": {},
              "uuid": "4753f8c1-4277-4517-8676-3f9d2ec45ca2",
              "parentUUID": "e1ead5f5-5411-4c64-bbad-3e61c826c251",
              "isHook": false,
              "skipped": false
            }
          ],
          "suites": [],
          "passes": [
            "4432a28c-af02-422c-9aff-417f092796f5",
            "e975170e-c718-443c-8068-100e808975ac",
            "f801bf19-b9ee-4376-b9e3-71308a379af8",
            "781c12a7-6c7d-404d-a52c-868aa901ac03",
            "9e5bb1f5-f6ac-40e3-b280-84750338d27d",
            "a199b5af-1679-47a0-941a-8b5f936188eb",
            "1f68e9c1-eec3-4674-9471-9313af13436c",
            "4753f8c1-4277-4517-8676-3f9d2ec45ca2"
          ],
          "failures": [],
          "pending": [],
          "skipped": [],
          "duration": 3350,
          "root": false,
          "rootEmpty": false,
          "_timeout": 2000
        }
      ],
      "passes": [],
      "failures": [],
      "pending": [],
      "skipped": [],
      "duration": 0,
      "root": true,
      "rootEmpty": true,
      "_timeout": 2000
    }
  ],
  "meta": {
    "mocha": {
      "version": "7.0.1"
    },
    "mochawesome": {
      "options": {
        "quiet": false,
        "reportFilename": "mochawesome",
        "saveHtml": true,
        "saveJson": true,
        "consoleReporter": "spec",
        "useInlineDiffs": false,
        "code": true
      },
      "version": "7.0.1"
    },
    "marge": {
      "options": null,
      "version": "6.0.1"
    }
  }
}